[0.006s] Invoking command in '/home/robot/fish_bot/build/fishbot_description': CMAKE_PREFIX_PATH=/opt/ros/humble /usr/bin/cmake /home/robot/fish_bot/src/fishbot_description -DCMAKE_INSTALL_PREFIX=/home/robot/fish_bot/install/fishbot_description
[0.110s] -- The C compiler identification is GNU 11.4.0
[0.192s] -- The CXX compiler identification is GNU 11.4.0
[0.200s] -- Detecting C compiler ABI info
[0.249s] -- Detecting C compiler ABI info - done
[0.253s] -- Check for working C compiler: /usr/bin/cc - skipped
[0.254s] -- Detecting C compile features
[0.254s] -- Detecting C compile features - done
[0.257s] -- Detecting CXX compiler ABI info
[0.306s] -- Detecting CXX compiler ABI info - done
[0.311s] -- Check for working CXX compiler: /usr/bin/c++ - skipped
[0.311s] -- Detecting CXX compile features
[0.312s] -- Detecting CXX compile features - done
[0.315s] -- Found ament_cmake: 1.3.12 (/opt/ros/humble/share/ament_cmake/cmake)
[0.419s] -- Found Python3: /usr/bin/python3 (found version "3.10.12") found components: Interpreter 
[0.487s] -- Found urdf: 2.6.1 (/opt/ros/humble/share/urdf/cmake)
[0.525s] -- Found xacro: 2.1.1 (/opt/ros/humble/share/xacro/cmake)
[0.526s] -- Found ament_lint_auto: 0.12.14 (/opt/ros/humble/share/ament_lint_auto/cmake)
[0.580s] -- Added test 'flake8' to check Python code syntax and style conventions
[0.581s] -- Added test 'lint_cmake' to check CMake code style
[0.581s] -- Added test 'pep257' to check Python code against some of the docstring style conventions in PEP 257
[0.582s] -- Added test 'xmllint' to check XML markup files
[0.583s] -- Configuring done
[0.585s] -- Generating done
[0.586s] -- Build files have been written to: /home/robot/fish_bot/build/fishbot_description
[0.590s] Invoked command in '/home/robot/fish_bot/build/fishbot_description' returned '0': CMAKE_PREFIX_PATH=/opt/ros/humble /usr/bin/cmake /home/robot/fish_bot/src/fishbot_description -DCMAKE_INSTALL_PREFIX=/home/robot/fish_bot/install/fishbot_description
[0.591s] Invoking command in '/home/robot/fish_bot/build/fishbot_description': CMAKE_PREFIX_PATH=/opt/ros/humble /usr/bin/cmake --build /home/robot/fish_bot/build/fishbot_description -- -j16 -l16
[0.615s] Invoked command in '/home/robot/fish_bot/build/fishbot_description' returned '0': CMAKE_PREFIX_PATH=/opt/ros/humble /usr/bin/cmake --build /home/robot/fish_bot/build/fishbot_description -- -j16 -l16
[0.621s] Invoking command in '/home/robot/fish_bot/build/fishbot_description': CMAKE_PREFIX_PATH=/opt/ros/humble /usr/bin/cmake --install /home/robot/fish_bot/build/fishbot_description
[0.625s] -- Install configuration: ""
[0.625s] -- Installing: /home/robot/fish_bot/install/fishbot_description/share/fishbot_description/launch
[0.626s] -- Installing: /home/robot/fish_bot/install/fishbot_description/share/fishbot_description/launch/gazebo.launch.py
[0.626s] -- Installing: /home/robot/fish_bot/install/fishbot_description/share/fishbot_description/urdf
[0.626s] -- Installing: /home/robot/fish_bot/install/fishbot_description/share/fishbot_description/urdf/xacro
[0.626s] -- Installing: /home/robot/fish_bot/install/fishbot_description/share/fishbot_description/urdf/urdf
[0.626s] -- Installing: /home/robot/fish_bot/install/fishbot_description/share/fishbot_description/urdf/urdf/fishbot_gazebo.urdf
[0.626s] -- Installing: /home/robot/fish_bot/install/fishbot_description/share/ament_index/resource_index/package_run_dependencies/fishbot_description
[0.626s] -- Installing: /home/robot/fish_bot/install/fishbot_description/share/ament_index/resource_index/parent_prefix_path/fishbot_description
[0.626s] -- Installing: /home/robot/fish_bot/install/fishbot_description/share/fishbot_description/environment/ament_prefix_path.sh
[0.626s] -- Installing: /home/robot/fish_bot/install/fishbot_description/share/fishbot_description/environment/ament_prefix_path.dsv
[0.626s] -- Installing: /home/robot/fish_bot/install/fishbot_description/share/fishbot_description/environment/path.sh
[0.626s] -- Installing: /home/robot/fish_bot/install/fishbot_description/share/fishbot_description/environment/path.dsv
[0.626s] -- Installing: /home/robot/fish_bot/install/fishbot_description/share/fishbot_description/local_setup.bash
[0.626s] -- Installing: /home/robot/fish_bot/install/fishbot_description/share/fishbot_description/local_setup.sh
[0.627s] -- Installing: /home/robot/fish_bot/install/fishbot_description/share/fishbot_description/local_setup.zsh
[0.627s] -- Installing: /home/robot/fish_bot/install/fishbot_description/share/fishbot_description/local_setup.dsv
[0.627s] -- Installing: /home/robot/fish_bot/install/fishbot_description/share/fishbot_description/package.dsv
[0.627s] -- Installing: /home/robot/fish_bot/install/fishbot_description/share/ament_index/resource_index/packages/fishbot_description
[0.627s] -- Installing: /home/robot/fish_bot/install/fishbot_description/share/fishbot_description/cmake/fishbot_descriptionConfig.cmake
[0.627s] -- Installing: /home/robot/fish_bot/install/fishbot_description/share/fishbot_description/cmake/fishbot_descriptionConfig-version.cmake
[0.627s] -- Installing: /home/robot/fish_bot/install/fishbot_description/share/fishbot_description/package.xml
[0.628s] Invoked command in '/home/robot/fish_bot/build/fishbot_description' returned '0': CMAKE_PREFIX_PATH=/opt/ros/humble /usr/bin/cmake --install /home/robot/fish_bot/build/fishbot_description
