[0.006s] Invoking command in '/home/robot/fish_bot/build/fishbot_cartographer': CMAKE_PREFIX_PATH=/opt/ros/humble /usr/bin/cmake /home/robot/fish_bot/src/fishbot_cartographer -DCMAKE_INSTALL_PREFIX=/home/robot/fish_bot/install/fishbot_cartographer
[0.041s] -- The C compiler identification is GNU 11.4.0
[0.091s] -- The CXX compiler identification is GNU 11.4.0
[0.096s] -- Detecting C compiler ABI info
[0.167s] -- Detecting C compiler ABI info - done
[0.172s] -- Check for working C compiler: /usr/bin/cc - skipped
[0.172s] -- Detecting C compile features
[0.173s] -- Detecting C compile features - done
[0.174s] -- Detecting CXX compiler ABI info
[0.243s] -- Detecting CXX compiler ABI info - done
[0.247s] -- Check for working CXX compiler: /usr/bin/c++ - skipped
[0.247s] -- Detecting CXX compile features
[0.247s] -- Detecting CXX compile features - done
[0.249s] -- Found ament_cmake: 1.3.12 (/opt/ros/humble/share/ament_cmake/cmake)
[0.345s] -- Found Python3: /usr/bin/python3 (found version "3.10.12") found components: Interpreter 
[0.404s] -- Found ament_lint_auto: 0.12.14 (/opt/ros/humble/share/ament_lint_auto/cmake)
[0.450s] -- Added test 'flake8' to check Python code syntax and style conventions
[0.451s] -- Added test 'lint_cmake' to check CMake code style
[0.451s] -- Added test 'pep257' to check Python code against some of the docstring style conventions in PEP 257
[0.452s] -- Added test 'xmllint' to check XML markup files
[0.452s] -- Configuring done
[0.454s] -- Generating done
[0.455s] -- Build files have been written to: /home/robot/fish_bot/build/fishbot_cartographer
[0.458s] Invoked command in '/home/robot/fish_bot/build/fishbot_cartographer' returned '0': CMAKE_PREFIX_PATH=/opt/ros/humble /usr/bin/cmake /home/robot/fish_bot/src/fishbot_cartographer -DCMAKE_INSTALL_PREFIX=/home/robot/fish_bot/install/fishbot_cartographer
[0.459s] Invoking command in '/home/robot/fish_bot/build/fishbot_cartographer': CMAKE_PREFIX_PATH=/opt/ros/humble /usr/bin/cmake --build /home/robot/fish_bot/build/fishbot_cartographer -- -j16 -l16
[0.480s] Invoked command in '/home/robot/fish_bot/build/fishbot_cartographer' returned '0': CMAKE_PREFIX_PATH=/opt/ros/humble /usr/bin/cmake --build /home/robot/fish_bot/build/fishbot_cartographer -- -j16 -l16
[0.487s] Invoking command in '/home/robot/fish_bot/build/fishbot_cartographer': CMAKE_PREFIX_PATH=/opt/ros/humble /usr/bin/cmake --install /home/robot/fish_bot/build/fishbot_cartographer
[0.492s] -- Install configuration: ""
[0.492s] -- Installing: /home/robot/fish_bot/install/fishbot_cartographer/share/fishbot_cartographer/config
[0.492s] -- Installing: /home/robot/fish_bot/install/fishbot_cartographer/share/fishbot_cartographer/config/taurob_tracker.lua
[0.492s] -- Installing: /home/robot/fish_bot/install/fishbot_cartographer/share/fishbot_cartographer/config/trajectory_builder.lua
[0.493s] -- Installing: /home/robot/fish_bot/install/fishbot_cartographer/share/fishbot_cartographer/config/assets_writer_backpack_2d_ci.lua
[0.493s] -- Installing: /home/robot/fish_bot/install/fishbot_cartographer/share/fishbot_cartographer/config/backpack_2d_server.lua
[0.493s] -- Installing: /home/robot/fish_bot/install/fishbot_cartographer/share/fishbot_cartographer/config/backpack_2d_localization_evaluation.lua
[0.493s] -- Installing: /home/robot/fish_bot/install/fishbot_cartographer/share/fishbot_cartographer/config/transform.lua
[0.493s] -- Installing: /home/robot/fish_bot/install/fishbot_cartographer/share/fishbot_cartographer/config/map_builder_server.lua
[0.493s] -- Installing: /home/robot/fish_bot/install/fishbot_cartographer/share/fishbot_cartographer/config/assets_writer_backpack_2d.lua
[0.493s] -- Installing: /home/robot/fish_bot/install/fishbot_cartographer/share/fishbot_cartographer/config/backpack_3d.lua
[0.493s] -- Installing: /home/robot/fish_bot/install/fishbot_cartographer/share/fishbot_cartographer/config/demo_3d.rviz
[0.493s] -- Installing: /home/robot/fish_bot/install/fishbot_cartographer/share/fishbot_cartographer/config/backpack_3d_localization.lua
[0.493s] -- Installing: /home/robot/fish_bot/install/fishbot_cartographer/share/fishbot_cartographer/config/revo_lds.lua
[0.493s] -- Installing: /home/robot/fish_bot/install/fishbot_cartographer/share/fishbot_cartographer/config/assets_writer_ros_map.lua
[0.494s] -- Installing: /home/robot/fish_bot/install/fishbot_cartographer/share/fishbot_cartographer/config/trajectory_builder_3d.lua
[0.494s] -- Installing: /home/robot/fish_bot/install/fishbot_cartographer/share/fishbot_cartographer/config/backpack_2d_localization.lua
[0.494s] -- Installing: /home/robot/fish_bot/install/fishbot_cartographer/share/fishbot_cartographer/config/pr2.lua
[0.494s] -- Installing: /home/robot/fish_bot/install/fishbot_cartographer/share/fishbot_cartographer/config/fishbot_2d.lua
[0.494s] -- Installing: /home/robot/fish_bot/install/fishbot_cartographer/share/fishbot_cartographer/config/map_builder.lua
[0.494s] -- Installing: /home/robot/fish_bot/install/fishbot_cartographer/share/fishbot_cartographer/config/backpack_2d.lua
[0.494s] -- Installing: /home/robot/fish_bot/install/fishbot_cartographer/share/fishbot_cartographer/config/pose_graph.lua
[0.494s] -- Installing: /home/robot/fish_bot/install/fishbot_cartographer/share/fishbot_cartographer/config/demo_2d.rviz
[0.494s] -- Installing: /home/robot/fish_bot/install/fishbot_cartographer/share/fishbot_cartographer/config/assets_writer_backpack_3d.lua
[0.494s] -- Installing: /home/robot/fish_bot/install/fishbot_cartographer/share/fishbot_cartographer/config/visualize_pbstream.lua
[0.495s] -- Installing: /home/robot/fish_bot/install/fishbot_cartographer/share/fishbot_cartographer/config/mir-100-mapping.lua
[0.495s] -- Installing: /home/robot/fish_bot/install/fishbot_cartographer/share/fishbot_cartographer/config/trajectory_builder_2d.lua
[0.495s] -- Installing: /home/robot/fish_bot/install/fishbot_cartographer/share/fishbot_cartographer/launch
[0.495s] -- Installing: /home/robot/fish_bot/install/fishbot_cartographer/share/fishbot_cartographer/launch/cartographer.launch.py
[0.495s] -- Installing: /home/robot/fish_bot/install/fishbot_cartographer/share/fishbot_cartographer/rviz
[0.495s] -- Installing: /home/robot/fish_bot/install/fishbot_cartographer/share/ament_index/resource_index/package_run_dependencies/fishbot_cartographer
[0.495s] -- Installing: /home/robot/fish_bot/install/fishbot_cartographer/share/ament_index/resource_index/parent_prefix_path/fishbot_cartographer
[0.495s] -- Installing: /home/robot/fish_bot/install/fishbot_cartographer/share/fishbot_cartographer/environment/ament_prefix_path.sh
[0.495s] -- Installing: /home/robot/fish_bot/install/fishbot_cartographer/share/fishbot_cartographer/environment/ament_prefix_path.dsv
[0.496s] -- Installing: /home/robot/fish_bot/install/fishbot_cartographer/share/fishbot_cartographer/environment/path.sh
[0.496s] -- Installing: /home/robot/fish_bot/install/fishbot_cartographer/share/fishbot_cartographer/environment/path.dsv
[0.496s] -- Installing: /home/robot/fish_bot/install/fishbot_cartographer/share/fishbot_cartographer/local_setup.bash
[0.496s] -- Installing: /home/robot/fish_bot/install/fishbot_cartographer/share/fishbot_cartographer/local_setup.sh
[0.496s] -- Installing: /home/robot/fish_bot/install/fishbot_cartographer/share/fishbot_cartographer/local_setup.zsh
[0.496s] -- Installing: /home/robot/fish_bot/install/fishbot_cartographer/share/fishbot_cartographer/local_setup.dsv
[0.496s] -- Installing: /home/robot/fish_bot/install/fishbot_cartographer/share/fishbot_cartographer/package.dsv
[0.496s] -- Installing: /home/robot/fish_bot/install/fishbot_cartographer/share/ament_index/resource_index/packages/fishbot_cartographer
[0.496s] -- Installing: /home/robot/fish_bot/install/fishbot_cartographer/share/fishbot_cartographer/cmake/fishbot_cartographerConfig.cmake
[0.496s] -- Installing: /home/robot/fish_bot/install/fishbot_cartographer/share/fishbot_cartographer/cmake/fishbot_cartographerConfig-version.cmake
[0.496s] -- Installing: /home/robot/fish_bot/install/fishbot_cartographer/share/fishbot_cartographer/package.xml
[0.497s] Invoked command in '/home/robot/fish_bot/build/fishbot_cartographer' returned '0': CMAKE_PREFIX_PATH=/opt/ros/humble /usr/bin/cmake --install /home/robot/fish_bot/build/fishbot_cartographer
