[0.007s] Invoking command in '/home/robot/fish_bot/build/fishbot_description': CMAKE_PREFIX_PATH=${CMAKE_PREFIX_PATH}:/opt/ros/humble /usr/bin/cmake --build /home/robot/fish_bot/build/fishbot_description -- -j16 -l16
[0.030s] Invoked command in '/home/robot/fish_bot/build/fishbot_description' returned '0': CMAKE_PREFIX_PATH=${CMAKE_PREFIX_PATH}:/opt/ros/humble /usr/bin/cmake --build /home/robot/fish_bot/build/fishbot_description -- -j16 -l16
[0.037s] Invoking command in '/home/robot/fish_bot/build/fishbot_description': CMAKE_PREFIX_PATH=${CMAKE_PREFIX_PATH}:/opt/ros/humble /usr/bin/cmake --install /home/robot/fish_bot/build/fishbot_description
[0.042s] -- Install configuration: ""
[0.042s] -- Up-to-date: /home/robot/fish_bot/install/fishbot_description/share/fishbot_description/launch
[0.043s] -- Installing: /home/robot/fish_bot/install/fishbot_description/share/fishbot_description/launch/gazebo.launch.py
[0.043s] -- Up-to-date: /home/robot/fish_bot/install/fishbot_description/share/fishbot_description/urdf
[0.043s] -- Up-to-date: /home/robot/fish_bot/install/fishbot_description/share/fishbot_description/urdf/xacro
[0.043s] -- Up-to-date: /home/robot/fish_bot/install/fishbot_description/share/fishbot_description/urdf/urdf
[0.043s] -- Installing: /home/robot/fish_bot/install/fishbot_description/share/fishbot_description/urdf/urdf/fishbot_gazebo.urdf
[0.043s] -- Up-to-date: /home/robot/fish_bot/install/fishbot_description/share/ament_index/resource_index/package_run_dependencies/fishbot_description
[0.043s] -- Up-to-date: /home/robot/fish_bot/install/fishbot_description/share/ament_index/resource_index/parent_prefix_path/fishbot_description
[0.043s] -- Up-to-date: /home/robot/fish_bot/install/fishbot_description/share/fishbot_description/environment/ament_prefix_path.sh
[0.043s] -- Up-to-date: /home/robot/fish_bot/install/fishbot_description/share/fishbot_description/environment/ament_prefix_path.dsv
[0.043s] -- Up-to-date: /home/robot/fish_bot/install/fishbot_description/share/fishbot_description/environment/path.sh
[0.043s] -- Up-to-date: /home/robot/fish_bot/install/fishbot_description/share/fishbot_description/environment/path.dsv
[0.043s] -- Up-to-date: /home/robot/fish_bot/install/fishbot_description/share/fishbot_description/local_setup.bash
[0.043s] -- Up-to-date: /home/robot/fish_bot/install/fishbot_description/share/fishbot_description/local_setup.sh
[0.043s] -- Up-to-date: /home/robot/fish_bot/install/fishbot_description/share/fishbot_description/local_setup.zsh
[0.043s] -- Up-to-date: /home/robot/fish_bot/install/fishbot_description/share/fishbot_description/local_setup.dsv
[0.044s] -- Installing: /home/robot/fish_bot/install/fishbot_description/share/fishbot_description/package.dsv
[0.044s] -- Up-to-date: /home/robot/fish_bot/install/fishbot_description/share/ament_index/resource_index/packages/fishbot_description
[0.044s] -- Up-to-date: /home/robot/fish_bot/install/fishbot_description/share/fishbot_description/cmake/fishbot_descriptionConfig.cmake
[0.044s] -- Up-to-date: /home/robot/fish_bot/install/fishbot_description/share/fishbot_description/cmake/fishbot_descriptionConfig-version.cmake
[0.044s] -- Up-to-date: /home/robot/fish_bot/install/fishbot_description/share/fishbot_description/package.xml
[0.045s] Invoked command in '/home/robot/fish_bot/build/fishbot_description' returned '0': CMAKE_PREFIX_PATH=${CMAKE_PREFIX_PATH}:/opt/ros/humble /usr/bin/cmake --install /home/robot/fish_bot/build/fishbot_description
