[0.007s] Invoking command in '/home/robot/fish_bot/build/fishbot_description': CMAKE_PREFIX_PATH=${CMAKE_PREFIX_PATH}:/opt/ros/humble /usr/bin/cmake /home/robot/fish_bot/src/fishbot_description -DCMAKE_INSTALL_PREFIX=/home/robot/fish_bot/install/fishbot_description
[0.040s] -- The C compiler identification is GNU 11.4.0
[0.072s] -- The CXX compiler identification is GNU 11.4.0
[0.077s] -- Detecting C compiler ABI info
[0.128s] -- Detecting C compiler ABI info - done
[0.132s] -- Check for working C compiler: /usr/bin/cc - skipped
[0.132s] -- Detecting C compile features
[0.132s] -- Detecting C compile features - done
[0.134s] -- Detecting CXX compiler ABI info
[0.206s] -- Detecting CXX compiler ABI info - done
[0.211s] -- Check for working CXX compiler: /usr/bin/c++ - skipped
[0.211s] -- Detecting CXX compile features
[0.211s] -- Detecting CXX compile features - done
[0.213s] -- Found ament_cmake: 1.3.12 (/opt/ros/humble/share/ament_cmake/cmake)
[0.310s] -- Found Python3: /usr/bin/python3 (found version "3.10.12") found components: Interpreter 
[0.362s] -- Found urdf: 2.6.1 (/opt/ros/humble/share/urdf/cmake)
[0.391s] -- Found xacro: 2.1.1 (/opt/ros/humble/share/xacro/cmake)
[0.391s] -- Found ament_lint_auto: 0.12.14 (/opt/ros/humble/share/ament_lint_auto/cmake)
[0.440s] -- Added test 'flake8' to check Python code syntax and style conventions
[0.440s] -- Added test 'lint_cmake' to check CMake code style
[0.441s] -- Added test 'pep257' to check Python code against some of the docstring style conventions in PEP 257
[0.441s] -- Added test 'xmllint' to check XML markup files
[0.442s] -- Configuring done
[0.443s] -- Generating done
[0.445s] -- Build files have been written to: /home/robot/fish_bot/build/fishbot_description
[0.449s] Invoked command in '/home/robot/fish_bot/build/fishbot_description' returned '0': CMAKE_PREFIX_PATH=${CMAKE_PREFIX_PATH}:/opt/ros/humble /usr/bin/cmake /home/robot/fish_bot/src/fishbot_description -DCMAKE_INSTALL_PREFIX=/home/robot/fish_bot/install/fishbot_description
[0.450s] Invoking command in '/home/robot/fish_bot/build/fishbot_description': CMAKE_PREFIX_PATH=${CMAKE_PREFIX_PATH}:/opt/ros/humble /usr/bin/cmake --build /home/robot/fish_bot/build/fishbot_description -- -j16 -l16
[0.471s] Invoked command in '/home/robot/fish_bot/build/fishbot_description' returned '0': CMAKE_PREFIX_PATH=${CMAKE_PREFIX_PATH}:/opt/ros/humble /usr/bin/cmake --build /home/robot/fish_bot/build/fishbot_description -- -j16 -l16
[0.472s] Invoking command in '/home/robot/fish_bot/build/fishbot_description': CMAKE_PREFIX_PATH=${CMAKE_PREFIX_PATH}:/opt/ros/humble /usr/bin/cmake --install /home/robot/fish_bot/build/fishbot_description
[0.476s] -- Install configuration: ""
[0.476s] -- Installing: /home/robot/fish_bot/install/fishbot_description/share/fishbot_description/launch
[0.476s] -- Installing: /home/robot/fish_bot/install/fishbot_description/share/fishbot_description/launch/gazebo.launch.py
[0.476s] -- Installing: /home/robot/fish_bot/install/fishbot_description/share/fishbot_description/urdf
[0.476s] -- Installing: /home/robot/fish_bot/install/fishbot_description/share/fishbot_description/urdf/xacro
[0.476s] -- Installing: /home/robot/fish_bot/install/fishbot_description/share/fishbot_description/urdf/urdf
[0.476s] -- Installing: /home/robot/fish_bot/install/fishbot_description/share/fishbot_description/urdf/urdf/fishbot_gazebo.urdf
[0.476s] -- Installing: /home/robot/fish_bot/install/fishbot_description/share/fishbot_description/rviz
[0.476s] -- Installing: /home/robot/fish_bot/install/fishbot_description/share/fishbot_description/rviz/fishbot.rviz
[0.476s] -- Installing: /home/robot/fish_bot/install/fishbot_description/share/fishbot_description/world
[0.476s] -- Installing: /home/robot/fish_bot/install/fishbot_description/share/fishbot_description/world/fishbot.world
[0.476s] -- Installing: /home/robot/fish_bot/install/fishbot_description/share/ament_index/resource_index/package_run_dependencies/fishbot_description
[0.476s] -- Installing: /home/robot/fish_bot/install/fishbot_description/share/ament_index/resource_index/parent_prefix_path/fishbot_description
[0.477s] -- Installing: /home/robot/fish_bot/install/fishbot_description/share/fishbot_description/environment/ament_prefix_path.sh
[0.477s] -- Installing: /home/robot/fish_bot/install/fishbot_description/share/fishbot_description/environment/ament_prefix_path.dsv
[0.477s] -- Installing: /home/robot/fish_bot/install/fishbot_description/share/fishbot_description/environment/path.sh
[0.477s] -- Installing: /home/robot/fish_bot/install/fishbot_description/share/fishbot_description/environment/path.dsv
[0.477s] -- Installing: /home/robot/fish_bot/install/fishbot_description/share/fishbot_description/local_setup.bash
[0.477s] -- Installing: /home/robot/fish_bot/install/fishbot_description/share/fishbot_description/local_setup.sh
[0.477s] -- Installing: /home/robot/fish_bot/install/fishbot_description/share/fishbot_description/local_setup.zsh
[0.477s] -- Installing: /home/robot/fish_bot/install/fishbot_description/share/fishbot_description/local_setup.dsv
[0.477s] -- Installing: /home/robot/fish_bot/install/fishbot_description/share/fishbot_description/package.dsv
[0.477s] -- Installing: /home/robot/fish_bot/install/fishbot_description/share/ament_index/resource_index/packages/fishbot_description
[0.477s] -- Installing: /home/robot/fish_bot/install/fishbot_description/share/fishbot_description/cmake/fishbot_descriptionConfig.cmake
[0.477s] -- Installing: /home/robot/fish_bot/install/fishbot_description/share/fishbot_description/cmake/fishbot_descriptionConfig-version.cmake
[0.477s] -- Installing: /home/robot/fish_bot/install/fishbot_description/share/fishbot_description/package.xml
[0.478s] Invoked command in '/home/robot/fish_bot/build/fishbot_description' returned '0': CMAKE_PREFIX_PATH=${CMAKE_PREFIX_PATH}:/opt/ros/humble /usr/bin/cmake --install /home/robot/fish_bot/build/fishbot_description
