-- Install configuration: ""
-- Up-to-date: /home/robot/fish_bot/install/fishbot_cartographer/share/fishbot_cartographer/config
-- Up-to-date: /home/robot/fish_bot/install/fishbot_cartographer/share/fishbot_cartographer/config/taurob_tracker.lua
-- Up-to-date: /home/robot/fish_bot/install/fishbot_cartographer/share/fishbot_cartographer/config/trajectory_builder.lua
-- Up-to-date: /home/robot/fish_bot/install/fishbot_cartographer/share/fishbot_cartographer/config/assets_writer_backpack_2d_ci.lua
-- Up-to-date: /home/robot/fish_bot/install/fishbot_cartographer/share/fishbot_cartographer/config/backpack_2d_server.lua
-- Up-to-date: /home/robot/fish_bot/install/fishbot_cartographer/share/fishbot_cartographer/config/backpack_2d_localization_evaluation.lua
-- Up-to-date: /home/robot/fish_bot/install/fishbot_cartographer/share/fishbot_cartographer/config/transform.lua
-- Up-to-date: /home/robot/fish_bot/install/fishbot_cartographer/share/fishbot_cartographer/config/map_builder_server.lua
-- Up-to-date: /home/robot/fish_bot/install/fishbot_cartographer/share/fishbot_cartographer/config/assets_writer_backpack_2d.lua
-- Up-to-date: /home/robot/fish_bot/install/fishbot_cartographer/share/fishbot_cartographer/config/backpack_3d.lua
-- Up-to-date: /home/robot/fish_bot/install/fishbot_cartographer/share/fishbot_cartographer/config/demo_3d.rviz
-- Up-to-date: /home/robot/fish_bot/install/fishbot_cartographer/share/fishbot_cartographer/config/backpack_3d_localization.lua
-- Up-to-date: /home/robot/fish_bot/install/fishbot_cartographer/share/fishbot_cartographer/config/revo_lds.lua
-- Up-to-date: /home/robot/fish_bot/install/fishbot_cartographer/share/fishbot_cartographer/config/assets_writer_ros_map.lua
-- Up-to-date: /home/robot/fish_bot/install/fishbot_cartographer/share/fishbot_cartographer/config/trajectory_builder_3d.lua
-- Up-to-date: /home/robot/fish_bot/install/fishbot_cartographer/share/fishbot_cartographer/config/backpack_2d_localization.lua
-- Up-to-date: /home/robot/fish_bot/install/fishbot_cartographer/share/fishbot_cartographer/config/pr2.lua
-- Up-to-date: /home/robot/fish_bot/install/fishbot_cartographer/share/fishbot_cartographer/config/fishbot_2d.lua
-- Up-to-date: /home/robot/fish_bot/install/fishbot_cartographer/share/fishbot_cartographer/config/map_builder.lua
-- Up-to-date: /home/robot/fish_bot/install/fishbot_cartographer/share/fishbot_cartographer/config/backpack_2d.lua
-- Up-to-date: /home/robot/fish_bot/install/fishbot_cartographer/share/fishbot_cartographer/config/pose_graph.lua
-- Up-to-date: /home/robot/fish_bot/install/fishbot_cartographer/share/fishbot_cartographer/config/demo_2d.rviz
-- Up-to-date: /home/robot/fish_bot/install/fishbot_cartographer/share/fishbot_cartographer/config/assets_writer_backpack_3d.lua
-- Up-to-date: /home/robot/fish_bot/install/fishbot_cartographer/share/fishbot_cartographer/config/visualize_pbstream.lua
-- Up-to-date: /home/robot/fish_bot/install/fishbot_cartographer/share/fishbot_cartographer/config/mir-100-mapping.lua
-- Up-to-date: /home/robot/fish_bot/install/fishbot_cartographer/share/fishbot_cartographer/config/trajectory_builder_2d.lua
-- Up-to-date: /home/robot/fish_bot/install/fishbot_cartographer/share/fishbot_cartographer/launch
-- Up-to-date: /home/robot/fish_bot/install/fishbot_cartographer/share/fishbot_cartographer/launch/cartographer.launch.py
-- Up-to-date: /home/robot/fish_bot/install/fishbot_cartographer/share/fishbot_cartographer/rviz
-- Up-to-date: /home/robot/fish_bot/install/fishbot_cartographer/share/ament_index/resource_index/package_run_dependencies/fishbot_cartographer
-- Up-to-date: /home/robot/fish_bot/install/fishbot_cartographer/share/ament_index/resource_index/parent_prefix_path/fishbot_cartographer
-- Up-to-date: /home/robot/fish_bot/install/fishbot_cartographer/share/fishbot_cartographer/environment/ament_prefix_path.sh
-- Up-to-date: /home/robot/fish_bot/install/fishbot_cartographer/share/fishbot_cartographer/environment/ament_prefix_path.dsv
-- Up-to-date: /home/robot/fish_bot/install/fishbot_cartographer/share/fishbot_cartographer/environment/path.sh
-- Up-to-date: /home/robot/fish_bot/install/fishbot_cartographer/share/fishbot_cartographer/environment/path.dsv
-- Up-to-date: /home/robot/fish_bot/install/fishbot_cartographer/share/fishbot_cartographer/local_setup.bash
-- Up-to-date: /home/robot/fish_bot/install/fishbot_cartographer/share/fishbot_cartographer/local_setup.sh
-- Up-to-date: /home/robot/fish_bot/install/fishbot_cartographer/share/fishbot_cartographer/local_setup.zsh
-- Up-to-date: /home/robot/fish_bot/install/fishbot_cartographer/share/fishbot_cartographer/local_setup.dsv
-- Up-to-date: /home/robot/fish_bot/install/fishbot_cartographer/share/fishbot_cartographer/package.dsv
-- Up-to-date: /home/robot/fish_bot/install/fishbot_cartographer/share/ament_index/resource_index/packages/fishbot_cartographer
-- Up-to-date: /home/robot/fish_bot/install/fishbot_cartographer/share/fishbot_cartographer/cmake/fishbot_cartographerConfig.cmake
-- Up-to-date: /home/robot/fish_bot/install/fishbot_cartographer/share/fishbot_cartographer/cmake/fishbot_cartographerConfig-version.cmake
-- Up-to-date: /home/robot/fish_bot/install/fishbot_cartographer/share/fishbot_cartographer/package.xml
