[0.008s] Invoking command in '/home/robot/fish_bot/build/fishbot_cartographer': CMAKE_PREFIX_PATH=${CMAKE_PREFIX_PATH}:/opt/ros/humble /usr/bin/cmake --build /home/robot/fish_bot/build/fishbot_cartographer -- -j16 -l16
[0.031s] Invoked command in '/home/robot/fish_bot/build/fishbot_cartographer' returned '0': CMAKE_PREFIX_PATH=${CMAKE_PREFIX_PATH}:/opt/ros/humble /usr/bin/cmake --build /home/robot/fish_bot/build/fishbot_cartographer -- -j16 -l16
[0.037s] Invoking command in '/home/robot/fish_bot/build/fishbot_cartographer': CMAKE_PREFIX_PATH=${CMAKE_PREFIX_PATH}:/opt/ros/humble /usr/bin/cmake --install /home/robot/fish_bot/build/fishbot_cartographer
[0.041s] -- Install configuration: ""
[0.042s] -- Up-to-date: /home/robot/fish_bot/install/fishbot_cartographer/share/fishbot_cartographer/config
[0.042s] -- Up-to-date: /home/robot/fish_bot/install/fishbot_cartographer/share/fishbot_cartographer/config/taurob_tracker.lua
[0.042s] -- Up-to-date: /home/robot/fish_bot/install/fishbot_cartographer/share/fishbot_cartographer/config/trajectory_builder.lua
[0.042s] -- Up-to-date: /home/robot/fish_bot/install/fishbot_cartographer/share/fishbot_cartographer/config/assets_writer_backpack_2d_ci.lua
[0.042s] -- Up-to-date: /home/robot/fish_bot/install/fishbot_cartographer/share/fishbot_cartographer/config/backpack_2d_server.lua
[0.042s] -- Up-to-date: /home/robot/fish_bot/install/fishbot_cartographer/share/fishbot_cartographer/config/backpack_2d_localization_evaluation.lua
[0.042s] -- Up-to-date: /home/robot/fish_bot/install/fishbot_cartographer/share/fishbot_cartographer/config/transform.lua
[0.042s] -- Up-to-date: /home/robot/fish_bot/install/fishbot_cartographer/share/fishbot_cartographer/config/map_builder_server.lua
[0.042s] -- Up-to-date: /home/robot/fish_bot/install/fishbot_cartographer/share/fishbot_cartographer/config/assets_writer_backpack_2d.lua
[0.042s] -- Up-to-date: /home/robot/fish_bot/install/fishbot_cartographer/share/fishbot_cartographer/config/backpack_3d.lua
[0.042s] -- Up-to-date: /home/robot/fish_bot/install/fishbot_cartographer/share/fishbot_cartographer/config/demo_3d.rviz
[0.042s] -- Up-to-date: /home/robot/fish_bot/install/fishbot_cartographer/share/fishbot_cartographer/config/backpack_3d_localization.lua
[0.042s] -- Up-to-date: /home/robot/fish_bot/install/fishbot_cartographer/share/fishbot_cartographer/config/revo_lds.lua
[0.042s] -- Up-to-date: /home/robot/fish_bot/install/fishbot_cartographer/share/fishbot_cartographer/config/assets_writer_ros_map.lua
[0.042s] -- Up-to-date: /home/robot/fish_bot/install/fishbot_cartographer/share/fishbot_cartographer/config/trajectory_builder_3d.lua
[0.042s] -- Up-to-date: /home/robot/fish_bot/install/fishbot_cartographer/share/fishbot_cartographer/config/backpack_2d_localization.lua
[0.042s] -- Up-to-date: /home/robot/fish_bot/install/fishbot_cartographer/share/fishbot_cartographer/config/pr2.lua
[0.042s] -- Up-to-date: /home/robot/fish_bot/install/fishbot_cartographer/share/fishbot_cartographer/config/fishbot_2d.lua
[0.042s] -- Up-to-date: /home/robot/fish_bot/install/fishbot_cartographer/share/fishbot_cartographer/config/map_builder.lua
[0.042s] -- Up-to-date: /home/robot/fish_bot/install/fishbot_cartographer/share/fishbot_cartographer/config/backpack_2d.lua
[0.042s] -- Up-to-date: /home/robot/fish_bot/install/fishbot_cartographer/share/fishbot_cartographer/config/pose_graph.lua
[0.042s] -- Up-to-date: /home/robot/fish_bot/install/fishbot_cartographer/share/fishbot_cartographer/config/demo_2d.rviz
[0.042s] -- Up-to-date: /home/robot/fish_bot/install/fishbot_cartographer/share/fishbot_cartographer/config/assets_writer_backpack_3d.lua
[0.042s] -- Up-to-date: /home/robot/fish_bot/install/fishbot_cartographer/share/fishbot_cartographer/config/visualize_pbstream.lua
[0.042s] -- Up-to-date: /home/robot/fish_bot/install/fishbot_cartographer/share/fishbot_cartographer/config/mir-100-mapping.lua
[0.043s] -- Up-to-date: /home/robot/fish_bot/install/fishbot_cartographer/share/fishbot_cartographer/config/trajectory_builder_2d.lua
[0.043s] -- Up-to-date: /home/robot/fish_bot/install/fishbot_cartographer/share/fishbot_cartographer/launch
[0.043s] -- Up-to-date: /home/robot/fish_bot/install/fishbot_cartographer/share/fishbot_cartographer/launch/cartographer.launch.py
[0.043s] -- Up-to-date: /home/robot/fish_bot/install/fishbot_cartographer/share/fishbot_cartographer/rviz
[0.043s] -- Up-to-date: /home/robot/fish_bot/install/fishbot_cartographer/share/ament_index/resource_index/package_run_dependencies/fishbot_cartographer
[0.043s] -- Up-to-date: /home/robot/fish_bot/install/fishbot_cartographer/share/ament_index/resource_index/parent_prefix_path/fishbot_cartographer
[0.043s] -- Up-to-date: /home/robot/fish_bot/install/fishbot_cartographer/share/fishbot_cartographer/environment/ament_prefix_path.sh
[0.043s] -- Up-to-date: /home/robot/fish_bot/install/fishbot_cartographer/share/fishbot_cartographer/environment/ament_prefix_path.dsv
[0.043s] -- Up-to-date: /home/robot/fish_bot/install/fishbot_cartographer/share/fishbot_cartographer/environment/path.sh
[0.043s] -- Up-to-date: /home/robot/fish_bot/install/fishbot_cartographer/share/fishbot_cartographer/environment/path.dsv
[0.043s] -- Up-to-date: /home/robot/fish_bot/install/fishbot_cartographer/share/fishbot_cartographer/local_setup.bash
[0.043s] -- Up-to-date: /home/robot/fish_bot/install/fishbot_cartographer/share/fishbot_cartographer/local_setup.sh
[0.043s] -- Up-to-date: /home/robot/fish_bot/install/fishbot_cartographer/share/fishbot_cartographer/local_setup.zsh
[0.043s] -- Up-to-date: /home/robot/fish_bot/install/fishbot_cartographer/share/fishbot_cartographer/local_setup.dsv
[0.043s] -- Up-to-date: /home/robot/fish_bot/install/fishbot_cartographer/share/fishbot_cartographer/package.dsv
[0.044s] -- Up-to-date: /home/robot/fish_bot/install/fishbot_cartographer/share/ament_index/resource_index/packages/fishbot_cartographer
[0.044s] -- Up-to-date: /home/robot/fish_bot/install/fishbot_cartographer/share/fishbot_cartographer/cmake/fishbot_cartographerConfig.cmake
[0.044s] -- Up-to-date: /home/robot/fish_bot/install/fishbot_cartographer/share/fishbot_cartographer/cmake/fishbot_cartographerConfig-version.cmake
[0.044s] -- Up-to-date: /home/robot/fish_bot/install/fishbot_cartographer/share/fishbot_cartographer/package.xml
[0.044s] Invoked command in '/home/robot/fish_bot/build/fishbot_cartographer' returned '0': CMAKE_PREFIX_PATH=${CMAKE_PREFIX_PATH}:/opt/ros/humble /usr/bin/cmake --install /home/robot/fish_bot/build/fishbot_cartographer
